Time resolution is 1 ps
  0 data is correct
  1 data is correct
  2 data is correct
  3 data is correct
  4 data is correct
  5 data is correct
  6 data is correct
  7 data is correct
  8 data is correct
  9 data is correct
 10 data is correct
 11 data is correct
 12 data is correct
 13 data is correct
 14 data is correct
 15 data is correct
 16 data is correct
 17 data is correct
 18 data is correct
 19 data is correct
 20 data is correct
 21 data is correct
 22 data is correct
 23 data is correct
 24 data is correct
 25 data is correct
 26 data is correct
 27 data is correct
 28 data is correct
 29 data is correct
 30 data is correct
 31 data is correct
 32 data is correct
 33 data is correct
 34 data is correct
 35 data is correct
 36 data is correct
 37 data is correct
 38 data is correct
 39 data is correct
 40 data is correct
 41 data is correct
 42 data is correct
 43 data is correct
 44 data is correct
 45 data is correct
 46 data is correct
 47 data is correct
 48 data is correct
 49 data is correct
 50 data is correct
 51 data is correct
 52 data is correct
 53 data is correct
 54 data is correct
 55 data is correct
 56 data is correct
 57 data is correct
 58 data is correct
 59 data is correct
 60 data is correct
 61 data is correct
 62 data is correct
 63 data is correct
 64 data is correct
 65 data is correct
 66 data is correct
 67 data is correct
 68 data is correct
 69 data is correct
 70 data is correct
 71 data is correct
 72 data is correct
 73 data is correct
 74 data is correct
 75 data is correct
 76 data is correct
 77 data is correct
 78 data is correct
 79 data is correct
 80 data is correct
 81 data is correct
 82 data is correct
 83 data is correct
 84 data is correct
 85 data is correct
 86 data is correct
 87 data is correct
 88 data is correct
 89 data is correct
 90 data is correct
 91 data is correct
 92 data is correct
 93 data is correct
 94 data is correct
 95 data is correct
 96 data is correct
 97 data is correct
 98 data is correct
 99 data is correct
-------------------   counter check successfully   -------------------
            $$              
           $  $
           $  $
          $   $
         $    $
$$$$$$$$$     $$$$$$$$
$$$$$$$              $
$$$$$$$              $
$$$$$$$              $
$$$$$$$              $
$$$$$$$              $
$$$$$$$$$$$$         $$
$$$$$      $$$$$$$$$$
$finish called at time : 1020 ns : File "D:/NCKU/Introduction to DIC/midterm_project/testfixture.v" Line 96
